Performing Curl Test HAVE_FSETXATTR_5 passed with the following output:
Change Dir: /workspaces/batmobile/build/CMakeFiles/CMakeTmp

Run Build Command(s):/home/codespace/.local/lib/python3.10/site-packages/cmake/data/bin/cmake -E env VERBOSE=1 /usr/bin/make -f Makefile cmTC_dce13/fast && /usr/bin/make  -f CMakeFiles/cmTC_dce13.dir/build.make CMakeFiles/cmTC_dce13.dir/build
make[1]: Entering directory '/workspaces/batmobile/build/CMakeFiles/CMakeTmp'
Building C object CMakeFiles/cmTC_dce13.dir/CurlTests.c.o
/usr/bin/cc   -pedantic -Wall -W -Wpointer-arith -Wwrite-strings -Wunused -Wshadow -Winline -Wnested-externs -Wmissing-declarations -Wmissing-prototypes -Wfloat-equal -Wsign-compare -Wundef -Wendif-labels -Wstrict-prototypes -Wdeclaration-after-statement -Wstrict-aliasing=3 -Wcast-align -Wtype-limits -Wold-style-declaration -Wmissing-parameter-type -Wempty-body -Wclobbered -Wignored-qualifiers -Wconversion -Wvla -Wdouble-promotion -Wno-long-long -Wno-multichar -Wno-format-nonliteral -Wno-sign-conversion -Wno-system-headers -DHAVE_FSETXATTR_5  -DHAVE_STDIO_H -DHAVE_INTTYPES_H -DHAVE_SYS_IOCTL_H -DHAVE_SYS_PARAM_H -DHAVE_SYS_POLL_H -DHAVE_SYS_RESOURCE_H -DHAVE_SYS_SELECT_H -DHAVE_SYS_SOCKET_H -DHAVE_SYS_STAT_H -DHAVE_SYS_TIME_H -DHAVE_SYS_TYPES_H -DHAVE_SYS_UIO_H -DHAVE_SYS_UN_H -DHAVE_SYS_XATTR_H -DHAVE_ALLOCA_H -DHAVE_ARPA_INET_H -DHAVE_ARPA_TFTP_H -DHAVE_ASSERT_H -DHAVE_ERRNO_H -DHAVE_FCNTL_H -DHAVE_IDN2_H -DHAVE_IFADDRS_H -DHAVE_LIBGEN_H -DHAVE_LOCALE_H -DHAVE_NET_IF_H -DHAVE_NETDB_H -DHAVE_NETINET_IN_H -DHAVE_NETINET_TCP_H -DHAVE_POLL_H -DHAVE_PWD_H -DHAVE_SETJMP_H -DHAVE_SIGNAL_H -DHAVE_STDBOOL_H -DHAVE_STDINT_H -DHAVE_STDIO_H -DHAVE_STDLIB_H -DHAVE_STRING_H -DHAVE_STRINGS_H -DHAVE_TERMIO_H -DHAVE_TERMIOS_H -DHAVE_TIME_H -DHAVE_UNISTD_H -DHAVE_UTIME_H -DHAVE_STDDEF_H -DHAVE_DLFCN_H -DHAVE_MALLOC_H -DHAVE_MEMORY_H -DHAVE_NETINET_IF_ETHER_H -DHAVE_STDINT_H -DHAVE_SYS_UTSNAME_H -o CMakeFiles/cmTC_dce13.dir/CurlTests.c.o -c /workspaces/batmobile/build/_deps/curl-src/CMake/CurlTests.c
/workspaces/batmobile/build/_deps/curl-src/CMake/CurlTests.c:450:1: warning: function declaration isn’t a prototype [-Wstrict-prototypes]
  450 | main() {
      | ^~~~
Linking C executable cmTC_dce13
/home/codespace/.local/lib/python3.10/site-packages/cmake/data/bin/cmake -E cmake_link_script CMakeFiles/cmTC_dce13.dir/link.txt --verbose=1
/usr/bin/cc  -pedantic -Wall -W -Wpointer-arith -Wwrite-strings -Wunused -Wshadow -Winline -Wnested-externs -Wmissing-declarations -Wmissing-prototypes -Wfloat-equal -Wsign-compare -Wundef -Wendif-labels -Wstrict-prototypes -Wdeclaration-after-statement -Wstrict-aliasing=3 -Wcast-align -Wtype-limits -Wold-style-declaration -Wmissing-parameter-type -Wempty-body -Wclobbered -Wignored-qualifiers -Wconversion -Wvla -Wdouble-promotion -Wno-long-long -Wno-multichar -Wno-format-nonliteral -Wno-sign-conversion -Wno-system-headers -DHAVE_FSETXATTR_5  -DHAVE_STDIO_H -DHAVE_INTTYPES_H -DHAVE_SYS_IOCTL_H -DHAVE_SYS_PARAM_H -DHAVE_SYS_POLL_H -DHAVE_SYS_RESOURCE_H -DHAVE_SYS_SELECT_H -DHAVE_SYS_SOCKET_H -DHAVE_SYS_STAT_H -DHAVE_SYS_TIME_H -DHAVE_SYS_TYPES_H -DHAVE_SYS_UIO_H -DHAVE_SYS_UN_H -DHAVE_SYS_XATTR_H -DHAVE_ALLOCA_H -DHAVE_ARPA_INET_H -DHAVE_ARPA_TFTP_H -DHAVE_ASSERT_H -DHAVE_ERRNO_H -DHAVE_FCNTL_H -DHAVE_IDN2_H -DHAVE_IFADDRS_H -DHAVE_LIBGEN_H -DHAVE_LOCALE_H -DHAVE_NET_IF_H -DHAVE_NETDB_H -DHAVE_NETINET_IN_H -DHAVE_NETINET_TCP_H -DHAVE_POLL_H -DHAVE_PWD_H -DHAVE_SETJMP_H -DHAVE_SIGNAL_H -DHAVE_STDBOOL_H -DHAVE_STDINT_H -DHAVE_STDIO_H -DHAVE_STDLIB_H -DHAVE_STRING_H -DHAVE_STRINGS_H -DHAVE_TERMIO_H -DHAVE_TERMIOS_H -DHAVE_TIME_H -DHAVE_UNISTD_H -DHAVE_UTIME_H -DHAVE_STDDEF_H -DHAVE_DLFCN_H -DHAVE_MALLOC_H -DHAVE_MEMORY_H -DHAVE_NETINET_IF_ETHER_H -DHAVE_STDINT_H -DHAVE_SYS_UTSNAME_H CMakeFiles/cmTC_dce13.dir/CurlTests.c.o -o cmTC_dce13 
make[1]: Leaving directory '/workspaces/batmobile/build/CMakeFiles/CMakeTmp'


Performing Curl Test HAVE_FCNTL_O_NONBLOCK passed with the following output:
Change Dir: /workspaces/batmobile/build/CMakeFiles/CMakeTmp

Run Build Command(s):/home/codespace/.local/lib/python3.10/site-packages/cmake/data/bin/cmake -E env VERBOSE=1 /usr/bin/make -f Makefile cmTC_7bab2/fast && /usr/bin/make  -f CMakeFiles/cmTC_7bab2.dir/build.make CMakeFiles/cmTC_7bab2.dir/build
make[1]: Entering directory '/workspaces/batmobile/build/CMakeFiles/CMakeTmp'
Building C object CMakeFiles/cmTC_7bab2.dir/CurlTests.c.o
/usr/bin/cc   -pedantic -Wall -W -Wpointer-arith -Wwrite-strings -Wunused -Wshadow -Winline -Wnested-externs -Wmissing-declarations -Wmissing-prototypes -Wfloat-equal -Wsign-compare -Wundef -Wendif-labels -Wstrict-prototypes -Wdeclaration-after-statement -Wstrict-aliasing=3 -Wcast-align -Wtype-limits -Wold-style-declaration -Wmissing-parameter-type -Wempty-body -Wclobbered -Wignored-qualifiers -Wconversion -Wvla -Wdouble-promotion -Wno-long-long -Wno-multichar -Wno-format-nonliteral -Wno-sign-conversion -Wno-system-headers -DHAVE_FCNTL_O_NONBLOCK  -DHAVE_STDIO_H -DHAVE_INTTYPES_H -DHAVE_SYS_IOCTL_H -DHAVE_SYS_PARAM_H -DHAVE_SYS_POLL_H -DHAVE_SYS_RESOURCE_H -DHAVE_SYS_SELECT_H -DHAVE_SYS_SOCKET_H -DHAVE_SYS_STAT_H -DHAVE_SYS_TIME_H -DHAVE_SYS_TYPES_H -DHAVE_SYS_UIO_H -DHAVE_SYS_UN_H -DHAVE_SYS_XATTR_H -DHAVE_ALLOCA_H -DHAVE_ARPA_INET_H -DHAVE_ARPA_TFTP_H -DHAVE_ASSERT_H -DHAVE_ERRNO_H -DHAVE_FCNTL_H -DHAVE_IDN2_H -DHAVE_IFADDRS_H -DHAVE_LIBGEN_H -DHAVE_LOCALE_H -DHAVE_NET_IF_H -DHAVE_NETDB_H -DHAVE_NETINET_IN_H -DHAVE_NETINET_TCP_H -DHAVE_POLL_H -DHAVE_PWD_H -DHAVE_SETJMP_H -DHAVE_SIGNAL_H -DHAVE_STDBOOL_H -DHAVE_STDINT_H -DHAVE_STDIO_H -DHAVE_STDLIB_H -DHAVE_STRING_H -DHAVE_STRINGS_H -DHAVE_TERMIO_H -DHAVE_TERMIOS_H -DHAVE_TIME_H -DHAVE_UNISTD_H -DHAVE_UTIME_H -DHAVE_STDDEF_H -DHAVE_DLFCN_H -DHAVE_MALLOC_H -DHAVE_MEMORY_H -DHAVE_NETINET_IF_ETHER_H -DHAVE_STDINT_H -DHAVE_SYS_UTSNAME_H -o CMakeFiles/cmTC_7bab2.dir/CurlTests.c.o -c /workspaces/batmobile/build/_deps/curl-src/CMake/CurlTests.c
/workspaces/batmobile/build/_deps/curl-src/CMake/CurlTests.c:64:1: warning: function declaration isn’t a prototype [-Wstrict-prototypes]
   64 | main ()
      | ^~~~
Linking C executable cmTC_7bab2
/home/codespace/.local/lib/python3.10/site-packages/cmake/data/bin/cmake -E cmake_link_script CMakeFiles/cmTC_7bab2.dir/link.txt --verbose=1
/usr/bin/cc  -pedantic -Wall -W -Wpointer-arith -Wwrite-strings -Wunused -Wshadow -Winline -Wnested-externs -Wmissing-declarations -Wmissing-prototypes -Wfloat-equal -Wsign-compare -Wundef -Wendif-labels -Wstrict-prototypes -Wdeclaration-after-statement -Wstrict-aliasing=3 -Wcast-align -Wtype-limits -Wold-style-declaration -Wmissing-parameter-type -Wempty-body -Wclobbered -Wignored-qualifiers -Wconversion -Wvla -Wdouble-promotion -Wno-long-long -Wno-multichar -Wno-format-nonliteral -Wno-sign-conversion -Wno-system-headers -DHAVE_FCNTL_O_NONBLOCK  -DHAVE_STDIO_H -DHAVE_INTTYPES_H -DHAVE_SYS_IOCTL_H -DHAVE_SYS_PARAM_H -DHAVE_SYS_POLL_H -DHAVE_SYS_RESOURCE_H -DHAVE_SYS_SELECT_H -DHAVE_SYS_SOCKET_H -DHAVE_SYS_STAT_H -DHAVE_SYS_TIME_H -DHAVE_SYS_TYPES_H -DHAVE_SYS_UIO_H -DHAVE_SYS_UN_H -DHAVE_SYS_XATTR_H -DHAVE_ALLOCA_H -DHAVE_ARPA_INET_H -DHAVE_ARPA_TFTP_H -DHAVE_ASSERT_H -DHAVE_ERRNO_H -DHAVE_FCNTL_H -DHAVE_IDN2_H -DHAVE_IFADDRS_H -DHAVE_LIBGEN_H -DHAVE_LOCALE_H -DHAVE_NET_IF_H -DHAVE_NETDB_H -DHAVE_NETINET_IN_H -DHAVE_NETINET_TCP_H -DHAVE_POLL_H -DHAVE_PWD_H -DHAVE_SETJMP_H -DHAVE_SIGNAL_H -DHAVE_STDBOOL_H -DHAVE_STDINT_H -DHAVE_STDIO_H -DHAVE_STDLIB_H -DHAVE_STRING_H -DHAVE_STRINGS_H -DHAVE_TERMIO_H -DHAVE_TERMIOS_H -DHAVE_TIME_H -DHAVE_UNISTD_H -DHAVE_UTIME_H -DHAVE_STDDEF_H -DHAVE_DLFCN_H -DHAVE_MALLOC_H -DHAVE_MEMORY_H -DHAVE_NETINET_IF_ETHER_H -DHAVE_STDINT_H -DHAVE_SYS_UTSNAME_H CMakeFiles/cmTC_7bab2.dir/CurlTests.c.o -o cmTC_7bab2 
make[1]: Leaving directory '/workspaces/batmobile/build/CMakeFiles/CMakeTmp'


Performing Curl Test HAVE_IOCTL_FIONBIO passed with the following output:
Change Dir: /workspaces/batmobile/build/CMakeFiles/CMakeTmp

Run Build Command(s):/home/codespace/.local/lib/python3.10/site-packages/cmake/data/bin/cmake -E env VERBOSE=1 /usr/bin/make -f Makefile cmTC_94815/fast && /usr/bin/make  -f CMakeFiles/cmTC_94815.dir/build.make CMakeFiles/cmTC_94815.dir/build
make[1]: Entering directory '/workspaces/batmobile/build/CMakeFiles/CMakeTmp'
Building C object CMakeFiles/cmTC_94815.dir/CurlTests.c.o
/usr/bin/cc   -pedantic -Wall -W -Wpointer-arith -Wwrite-strings -Wunused -Wshadow -Winline -Wnested-externs -Wmissing-declarations -Wmissing-prototypes -Wfloat-equal -Wsign-compare -Wundef -Wendif-labels -Wstrict-prototypes -Wdeclaration-after-statement -Wstrict-aliasing=3 -Wcast-align -Wtype-limits -Wold-style-declaration -Wmissing-parameter-type -Wempty-body -Wclobbered -Wignored-qualifiers -Wconversion -Wvla -Wdouble-promotion -Wno-long-long -Wno-multichar -Wno-format-nonliteral -Wno-sign-conversion -Wno-system-headers -DHAVE_IOCTL_FIONBIO  -DHAVE_STDIO_H -DHAVE_INTTYPES_H -DHAVE_SYS_IOCTL_H -DHAVE_SYS_PARAM_H -DHAVE_SYS_POLL_H -DHAVE_SYS_RESOURCE_H -DHAVE_SYS_SELECT_H -DHAVE_SYS_SOCKET_H -DHAVE_SYS_STAT_H -DHAVE_SYS_TIME_H -DHAVE_SYS_TYPES_H -DHAVE_SYS_UIO_H -DHAVE_SYS_UN_H -DHAVE_SYS_XATTR_H -DHAVE_ALLOCA_H -DHAVE_ARPA_INET_H -DHAVE_ARPA_TFTP_H -DHAVE_ASSERT_H -DHAVE_ERRNO_H -DHAVE_FCNTL_H -DHAVE_IDN2_H -DHAVE_IFADDRS_H -DHAVE_LIBGEN_H -DHAVE_LOCALE_H -DHAVE_NET_IF_H -DHAVE_NETDB_H -DHAVE_NETINET_IN_H -DHAVE_NETINET_TCP_H -DHAVE_POLL_H -DHAVE_PWD_H -DHAVE_SETJMP_H -DHAVE_SIGNAL_H -DHAVE_STDBOOL_H -DHAVE_STDINT_H -DHAVE_STDIO_H -DHAVE_STDLIB_H -DHAVE_STRING_H -DHAVE_STRINGS_H -DHAVE_TERMIO_H -DHAVE_TERMIOS_H -DHAVE_TIME_H -DHAVE_UNISTD_H -DHAVE_UTIME_H -DHAVE_STDDEF_H -DHAVE_DLFCN_H -DHAVE_MALLOC_H -DHAVE_MEMORY_H -DHAVE_NETINET_IF_ETHER_H -DHAVE_STDINT_H -DHAVE_SYS_UTSNAME_H -o CMakeFiles/cmTC_94815.dir/CurlTests.c.o -c /workspaces/batmobile/build/_deps/curl-src/CMake/CurlTests.c
/workspaces/batmobile/build/_deps/curl-src/CMake/CurlTests.c:339:1: warning: function declaration isn’t a prototype [-Wstrict-prototypes]
  339 | main ()
      | ^~~~
Linking C executable cmTC_94815
/home/codespace/.local/lib/python3.10/site-packages/cmake/data/bin/cmake -E cmake_link_script CMakeFiles/cmTC_94815.dir/link.txt --verbose=1
/usr/bin/cc  -pedantic -Wall -W -Wpointer-arith -Wwrite-strings -Wunused -Wshadow -Winline -Wnested-externs -Wmissing-declarations -Wmissing-prototypes -Wfloat-equal -Wsign-compare -Wundef -Wendif-labels -Wstrict-prototypes -Wdeclaration-after-statement -Wstrict-aliasing=3 -Wcast-align -Wtype-limits -Wold-style-declaration -Wmissing-parameter-type -Wempty-body -Wclobbered -Wignored-qualifiers -Wconversion -Wvla -Wdouble-promotion -Wno-long-long -Wno-multichar -Wno-format-nonliteral -Wno-sign-conversion -Wno-system-headers -DHAVE_IOCTL_FIONBIO  -DHAVE_STDIO_H -DHAVE_INTTYPES_H -DHAVE_SYS_IOCTL_H -DHAVE_SYS_PARAM_H -DHAVE_SYS_POLL_H -DHAVE_SYS_RESOURCE_H -DHAVE_SYS_SELECT_H -DHAVE_SYS_SOCKET_H -DHAVE_SYS_STAT_H -DHAVE_SYS_TIME_H -DHAVE_SYS_TYPES_H -DHAVE_SYS_UIO_H -DHAVE_SYS_UN_H -DHAVE_SYS_XATTR_H -DHAVE_ALLOCA_H -DHAVE_ARPA_INET_H -DHAVE_ARPA_TFTP_H -DHAVE_ASSERT_H -DHAVE_ERRNO_H -DHAVE_FCNTL_H -DHAVE_IDN2_H -DHAVE_IFADDRS_H -DHAVE_LIBGEN_H -DHAVE_LOCALE_H -DHAVE_NET_IF_H -DHAVE_NETDB_H -DHAVE_NETINET_IN_H -DHAVE_NETINET_TCP_H -DHAVE_POLL_H -DHAVE_PWD_H -DHAVE_SETJMP_H -DHAVE_SIGNAL_H -DHAVE_STDBOOL_H -DHAVE_STDINT_H -DHAVE_STDIO_H -DHAVE_STDLIB_H -DHAVE_STRING_H -DHAVE_STRINGS_H -DHAVE_TERMIO_H -DHAVE_TERMIOS_H -DHAVE_TIME_H -DHAVE_UNISTD_H -DHAVE_UTIME_H -DHAVE_STDDEF_H -DHAVE_DLFCN_H -DHAVE_MALLOC_H -DHAVE_MEMORY_H -DHAVE_NETINET_IF_ETHER_H -DHAVE_STDINT_H -DHAVE_SYS_UTSNAME_H CMakeFiles/cmTC_94815.dir/CurlTests.c.o -o cmTC_94815 
make[1]: Leaving directory '/workspaces/batmobile/build/CMakeFiles/CMakeTmp'


Performing Curl Test HAVE_IOCTL_SIOCGIFADDR passed with the following output:
Change Dir: /workspaces/batmobile/build/CMakeFiles/CMakeTmp

Run Build Command(s):/home/codespace/.local/lib/python3.10/site-packages/cmake/data/bin/cmake -E env VERBOSE=1 /usr/bin/make -f Makefile cmTC_9cfdf/fast && /usr/bin/make  -f CMakeFiles/cmTC_9cfdf.dir/build.make CMakeFiles/cmTC_9cfdf.dir/build
make[1]: Entering directory '/workspaces/batmobile/build/CMakeFiles/CMakeTmp'
Building C object CMakeFiles/cmTC_9cfdf.dir/CurlTests.c.o
/usr/bin/cc   -pedantic -Wall -W -Wpointer-arith -Wwrite-strings -Wunused -Wshadow -Winline -Wnested-externs -Wmissing-declarations -Wmissing-prototypes -Wfloat-equal -Wsign-compare -Wundef -Wendif-labels -Wstrict-prototypes -Wdeclaration-after-statement -Wstrict-aliasing=3 -Wcast-align -Wtype-limits -Wold-style-declaration -Wmissing-parameter-type -Wempty-body -Wclobbered -Wignored-qualifiers -Wconversion -Wvla -Wdouble-promotion -Wno-long-long -Wno-multichar -Wno-format-nonliteral -Wno-sign-conversion -Wno-system-headers -DHAVE_IOCTL_SIOCGIFADDR  -DHAVE_STDIO_H -DHAVE_INTTYPES_H -DHAVE_SYS_IOCTL_H -DHAVE_SYS_PARAM_H -DHAVE_SYS_POLL_H -DHAVE_SYS_RESOURCE_H -DHAVE_SYS_SELECT_H -DHAVE_SYS_SOCKET_H -DHAVE_SYS_STAT_H -DHAVE_SYS_TIME_H -DHAVE_SYS_TYPES_H -DHAVE_SYS_UIO_H -DHAVE_SYS_UN_H -DHAVE_SYS_XATTR_H -DHAVE_ALLOCA_H -DHAVE_ARPA_INET_H -DHAVE_ARPA_TFTP_H -DHAVE_ASSERT_H -DHAVE_ERRNO_H -DHAVE_FCNTL_H -DHAVE_IDN2_H -DHAVE_IFADDRS_H -DHAVE_LIBGEN_H -DHAVE_LOCALE_H -DHAVE_NET_IF_H -DHAVE_NETDB_H -DHAVE_NETINET_IN_H -DHAVE_NETINET_TCP_H -DHAVE_POLL_H -DHAVE_PWD_H -DHAVE_SETJMP_H -DHAVE_SIGNAL_H -DHAVE_STDBOOL_H -DHAVE_STDINT_H -DHAVE_STDIO_H -DHAVE_STDLIB_H -DHAVE_STRING_H -DHAVE_STRINGS_H -DHAVE_TERMIO_H -DHAVE_TERMIOS_H -DHAVE_TIME_H -DHAVE_UNISTD_H -DHAVE_UTIME_H -DHAVE_STDDEF_H -DHAVE_DLFCN_H -DHAVE_MALLOC_H -DHAVE_MEMORY_H -DHAVE_NETINET_IF_ETHER_H -DHAVE_STDINT_H -DHAVE_SYS_UTSNAME_H -o CMakeFiles/cmTC_9cfdf.dir/CurlTests.c.o -c /workspaces/batmobile/build/_deps/curl-src/CMake/CurlTests.c
/workspaces/batmobile/build/_deps/curl-src/CMake/CurlTests.c:371:1: warning: function declaration isn’t a prototype [-Wstrict-prototypes]
  371 | main ()
      | ^~~~
Linking C executable cmTC_9cfdf
/home/codespace/.local/lib/python3.10/site-packages/cmake/data/bin/cmake -E cmake_link_script CMakeFiles/cmTC_9cfdf.dir/link.txt --verbose=1
/usr/bin/cc  -pedantic -Wall -W -Wpointer-arith -Wwrite-strings -Wunused -Wshadow -Winline -Wnested-externs -Wmissing-declarations -Wmissing-prototypes -Wfloat-equal -Wsign-compare -Wundef -Wendif-labels -Wstrict-prototypes -Wdeclaration-after-statement -Wstrict-aliasing=3 -Wcast-align -Wtype-limits -Wold-style-declaration -Wmissing-parameter-type -Wempty-body -Wclobbered -Wignored-qualifiers -Wconversion -Wvla -Wdouble-promotion -Wno-long-long -Wno-multichar -Wno-format-nonliteral -Wno-sign-conversion -Wno-system-headers -DHAVE_IOCTL_SIOCGIFADDR  -DHAVE_STDIO_H -DHAVE_INTTYPES_H -DHAVE_SYS_IOCTL_H -DHAVE_SYS_PARAM_H -DHAVE_SYS_POLL_H -DHAVE_SYS_RESOURCE_H -DHAVE_SYS_SELECT_H -DHAVE_SYS_SOCKET_H -DHAVE_SYS_STAT_H -DHAVE_SYS_TIME_H -DHAVE_SYS_TYPES_H -DHAVE_SYS_UIO_H -DHAVE_SYS_UN_H -DHAVE_SYS_XATTR_H -DHAVE_ALLOCA_H -DHAVE_ARPA_INET_H -DHAVE_ARPA_TFTP_H -DHAVE_ASSERT_H -DHAVE_ERRNO_H -DHAVE_FCNTL_H -DHAVE_IDN2_H -DHAVE_IFADDRS_H -DHAVE_LIBGEN_H -DHAVE_LOCALE_H -DHAVE_NET_IF_H -DHAVE_NETDB_H -DHAVE_NETINET_IN_H -DHAVE_NETINET_TCP_H -DHAVE_POLL_H -DHAVE_PWD_H -DHAVE_SETJMP_H -DHAVE_SIGNAL_H -DHAVE_STDBOOL_H -DHAVE_STDINT_H -DHAVE_STDIO_H -DHAVE_STDLIB_H -DHAVE_STRING_H -DHAVE_STRINGS_H -DHAVE_TERMIO_H -DHAVE_TERMIOS_H -DHAVE_TIME_H -DHAVE_UNISTD_H -DHAVE_UTIME_H -DHAVE_STDDEF_H -DHAVE_DLFCN_H -DHAVE_MALLOC_H -DHAVE_MEMORY_H -DHAVE_NETINET_IF_ETHER_H -DHAVE_STDINT_H -DHAVE_SYS_UTSNAME_H CMakeFiles/cmTC_9cfdf.dir/CurlTests.c.o -o cmTC_9cfdf 
make[1]: Leaving directory '/workspaces/batmobile/build/CMakeFiles/CMakeTmp'


Performing Curl Test TIME_WITH_SYS_TIME passed with the following output:
Change Dir: /workspaces/batmobile/build/CMakeFiles/CMakeTmp

Run Build Command(s):/home/codespace/.local/lib/python3.10/site-packages/cmake/data/bin/cmake -E env VERBOSE=1 /usr/bin/make -f Makefile cmTC_98255/fast && /usr/bin/make  -f CMakeFiles/cmTC_98255.dir/build.make CMakeFiles/cmTC_98255.dir/build
make[1]: Entering directory '/workspaces/batmobile/build/CMakeFiles/CMakeTmp'
Building C object CMakeFiles/cmTC_98255.dir/CurlTests.c.o
/usr/bin/cc   -pedantic -Wall -W -Wpointer-arith -Wwrite-strings -Wunused -Wshadow -Winline -Wnested-externs -Wmissing-declarations -Wmissing-prototypes -Wfloat-equal -Wsign-compare -Wundef -Wendif-labels -Wstrict-prototypes -Wdeclaration-after-statement -Wstrict-aliasing=3 -Wcast-align -Wtype-limits -Wold-style-declaration -Wmissing-parameter-type -Wempty-body -Wclobbered -Wignored-qualifiers -Wconversion -Wvla -Wdouble-promotion -Wno-long-long -Wno-multichar -Wno-format-nonliteral -Wno-sign-conversion -Wno-system-headers -DTIME_WITH_SYS_TIME  -DHAVE_STDIO_H -DHAVE_INTTYPES_H -DHAVE_SYS_IOCTL_H -DHAVE_SYS_PARAM_H -DHAVE_SYS_POLL_H -DHAVE_SYS_RESOURCE_H -DHAVE_SYS_SELECT_H -DHAVE_SYS_SOCKET_H -DHAVE_SYS_STAT_H -DHAVE_SYS_TIME_H -DHAVE_SYS_TYPES_H -DHAVE_SYS_UIO_H -DHAVE_SYS_UN_H -DHAVE_SYS_XATTR_H -DHAVE_ALLOCA_H -DHAVE_ARPA_INET_H -DHAVE_ARPA_TFTP_H -DHAVE_ASSERT_H -DHAVE_ERRNO_H -DHAVE_FCNTL_H -DHAVE_IDN2_H -DHAVE_IFADDRS_H -DHAVE_LIBGEN_H -DHAVE_LOCALE_H -DHAVE_NET_IF_H -DHAVE_NETDB_H -DHAVE_NETINET_IN_H -DHAVE_NETINET_TCP_H -DHAVE_POLL_H -DHAVE_PWD_H -DHAVE_SETJMP_H -DHAVE_SIGNAL_H -DHAVE_STDBOOL_H -DHAVE_STDINT_H -DHAVE_STDIO_H -DHAVE_STDLIB_H -DHAVE_STRING_H -DHAVE_STRINGS_H -DHAVE_TERMIO_H -DHAVE_TERMIOS_H -DHAVE_TIME_H -DHAVE_UNISTD_H -DHAVE_UTIME_H -DHAVE_STDDEF_H -DHAVE_DLFCN_H -DHAVE_MALLOC_H -DHAVE_MEMORY_H -DHAVE_NETINET_IF_ETHER_H -DHAVE_STDINT_H -DHAVE_SYS_UTSNAME_H -o CMakeFiles/cmTC_98255.dir/CurlTests.c.o -c /workspaces/batmobile/build/_deps/curl-src/CMake/CurlTests.c
/workspaces/batmobile/build/_deps/curl-src/CMake/CurlTests.c:30:1: warning: function declaration isn’t a prototype [-Wstrict-prototypes]
   30 | main ()
      | ^~~~
Linking C executable cmTC_98255
/home/codespace/.local/lib/python3.10/site-packages/cmake/data/bin/cmake -E cmake_link_script CMakeFiles/cmTC_98255.dir/link.txt --verbose=1
/usr/bin/cc  -pedantic -Wall -W -Wpointer-arith -Wwrite-strings -Wunused -Wshadow -Winline -Wnested-externs -Wmissing-declarations -Wmissing-prototypes -Wfloat-equal -Wsign-compare -Wundef -Wendif-labels -Wstrict-prototypes -Wdeclaration-after-statement -Wstrict-aliasing=3 -Wcast-align -Wtype-limits -Wold-style-declaration -Wmissing-parameter-type -Wempty-body -Wclobbered -Wignored-qualifiers -Wconversion -Wvla -Wdouble-promotion -Wno-long-long -Wno-multichar -Wno-format-nonliteral -Wno-sign-conversion -Wno-system-headers -DTIME_WITH_SYS_TIME  -DHAVE_STDIO_H -DHAVE_INTTYPES_H -DHAVE_SYS_IOCTL_H -DHAVE_SYS_PARAM_H -DHAVE_SYS_POLL_H -DHAVE_SYS_RESOURCE_H -DHAVE_SYS_SELECT_H -DHAVE_SYS_SOCKET_H -DHAVE_SYS_STAT_H -DHAVE_SYS_TIME_H -DHAVE_SYS_TYPES_H -DHAVE_SYS_UIO_H -DHAVE_SYS_UN_H -DHAVE_SYS_XATTR_H -DHAVE_ALLOCA_H -DHAVE_ARPA_INET_H -DHAVE_ARPA_TFTP_H -DHAVE_ASSERT_H -DHAVE_ERRNO_H -DHAVE_FCNTL_H -DHAVE_IDN2_H -DHAVE_IFADDRS_H -DHAVE_LIBGEN_H -DHAVE_LOCALE_H -DHAVE_NET_IF_H -DHAVE_NETDB_H -DHAVE_NETINET_IN_H -DHAVE_NETINET_TCP_H -DHAVE_POLL_H -DHAVE_PWD_H -DHAVE_SETJMP_H -DHAVE_SIGNAL_H -DHAVE_STDBOOL_H -DHAVE_STDINT_H -DHAVE_STDIO_H -DHAVE_STDLIB_H -DHAVE_STRING_H -DHAVE_STRINGS_H -DHAVE_TERMIO_H -DHAVE_TERMIOS_H -DHAVE_TIME_H -DHAVE_UNISTD_H -DHAVE_UTIME_H -DHAVE_STDDEF_H -DHAVE_DLFCN_H -DHAVE_MALLOC_H -DHAVE_MEMORY_H -DHAVE_NETINET_IF_ETHER_H -DHAVE_STDINT_H -DHAVE_SYS_UTSNAME_H CMakeFiles/cmTC_98255.dir/CurlTests.c.o -o cmTC_98255 
make[1]: Leaving directory '/workspaces/batmobile/build/CMakeFiles/CMakeTmp'


Performing Curl Test HAVE_GETHOSTBYNAME_R_6 passed with the following output:
Change Dir: /workspaces/batmobile/build/CMakeFiles/CMakeTmp

Run Build Command(s):/home/codespace/.local/lib/python3.10/site-packages/cmake/data/bin/cmake -E env VERBOSE=1 /usr/bin/make -f Makefile cmTC_10328/fast && /usr/bin/make  -f CMakeFiles/cmTC_10328.dir/build.make CMakeFiles/cmTC_10328.dir/build
make[1]: Entering directory '/workspaces/batmobile/build/CMakeFiles/CMakeTmp'
Building C object CMakeFiles/cmTC_10328.dir/CurlTests.c.o
/usr/bin/cc   -pedantic -Wall -W -Wpointer-arith -Wwrite-strings -Wunused -Wshadow -Winline -Wnested-externs -Wmissing-declarations -Wmissing-prototypes -Wfloat-equal -Wsign-compare -Wundef -Wendif-labels -Wstrict-prototypes -Wdeclaration-after-statement -Wstrict-aliasing=3 -Wcast-align -Wtype-limits -Wold-style-declaration -Wmissing-parameter-type -Wempty-body -Wclobbered -Wignored-qualifiers -Wconversion -Wvla -Wdouble-promotion -Wno-long-long -Wno-multichar -Wno-format-nonliteral -Wno-sign-conversion -Wno-system-headers -DHAVE_GETHOSTBYNAME_R_6  -DHAVE_STDIO_H -DHAVE_INTTYPES_H -DHAVE_SYS_IOCTL_H -DHAVE_SYS_PARAM_H -DHAVE_SYS_POLL_H -DHAVE_SYS_RESOURCE_H -DHAVE_SYS_SELECT_H -DHAVE_SYS_SOCKET_H -DHAVE_SYS_STAT_H -DHAVE_SYS_TIME_H -DHAVE_SYS_TYPES_H -DHAVE_SYS_UIO_H -DHAVE_SYS_UN_H -DHAVE_SYS_XATTR_H -DHAVE_ALLOCA_H -DHAVE_ARPA_INET_H -DHAVE_ARPA_TFTP_H -DHAVE_ASSERT_H -DHAVE_ERRNO_H -DHAVE_FCNTL_H -DHAVE_IDN2_H -DHAVE_IFADDRS_H -DHAVE_LIBGEN_H -DHAVE_LOCALE_H -DHAVE_NET_IF_H -DHAVE_NETDB_H -DHAVE_NETINET_IN_H -DHAVE_NETINET_TCP_H -DHAVE_POLL_H -DHAVE_PWD_H -DHAVE_SETJMP_H -DHAVE_SIGNAL_H -DHAVE_STDBOOL_H -DHAVE_STDINT_H -DHAVE_STDIO_H -DHAVE_STDLIB_H -DHAVE_STRING_H -DHAVE_STRINGS_H -DHAVE_TERMIO_H -DHAVE_TERMIOS_H -DHAVE_TIME_H -DHAVE_UNISTD_H -DHAVE_UTIME_H -DHAVE_STDDEF_H -DHAVE_DLFCN_H -DHAVE_MALLOC_H -DHAVE_MEMORY_H -DHAVE_NETINET_IF_ETHER_H -DHAVE_STDINT_H -DHAVE_SYS_UTSNAME_H -o CMakeFiles/cmTC_10328.dir/CurlTests.c.o -c /workspaces/batmobile/build/_deps/curl-src/CMake/CurlTests.c
/workspaces/batmobile/build/_deps/curl-src/CMake/CurlTests.c: In function ‘main’:
/workspaces/batmobile/build/_deps/curl-src/CMake/CurlTests.c:90:19: warning: initialization discards ‘const’ qualifier from pointer target type [-Wdiscarded-qualifiers]
   90 |   char *address = "example.com";
      |                   ^~~~~~~~~~~~~
Linking C executable cmTC_10328
/home/codespace/.local/lib/python3.10/site-packages/cmake/data/bin/cmake -E cmake_link_script CMakeFiles/cmTC_10328.dir/link.txt --verbose=1
/usr/bin/cc  -pedantic -Wall -W -Wpointer-arith -Wwrite-strings -Wunused -Wshadow -Winline -Wnested-externs -Wmissing-declarations -Wmissing-prototypes -Wfloat-equal -Wsign-compare -Wundef -Wendif-labels -Wstrict-prototypes -Wdeclaration-after-statement -Wstrict-aliasing=3 -Wcast-align -Wtype-limits -Wold-style-declaration -Wmissing-parameter-type -Wempty-body -Wclobbered -Wignored-qualifiers -Wconversion -Wvla -Wdouble-promotion -Wno-long-long -Wno-multichar -Wno-format-nonliteral -Wno-sign-conversion -Wno-system-headers -DHAVE_GETHOSTBYNAME_R_6  -DHAVE_STDIO_H -DHAVE_INTTYPES_H -DHAVE_SYS_IOCTL_H -DHAVE_SYS_PARAM_H -DHAVE_SYS_POLL_H -DHAVE_SYS_RESOURCE_H -DHAVE_SYS_SELECT_H -DHAVE_SYS_SOCKET_H -DHAVE_SYS_STAT_H -DHAVE_SYS_TIME_H -DHAVE_SYS_TYPES_H -DHAVE_SYS_UIO_H -DHAVE_SYS_UN_H -DHAVE_SYS_XATTR_H -DHAVE_ALLOCA_H -DHAVE_ARPA_INET_H -DHAVE_ARPA_TFTP_H -DHAVE_ASSERT_H -DHAVE_ERRNO_H -DHAVE_FCNTL_H -DHAVE_IDN2_H -DHAVE_IFADDRS_H -DHAVE_LIBGEN_H -DHAVE_LOCALE_H -DHAVE_NET_IF_H -DHAVE_NETDB_H -DHAVE_NETINET_IN_H -DHAVE_NETINET_TCP_H -DHAVE_POLL_H -DHAVE_PWD_H -DHAVE_SETJMP_H -DHAVE_SIGNAL_H -DHAVE_STDBOOL_H -DHAVE_STDINT_H -DHAVE_STDIO_H -DHAVE_STDLIB_H -DHAVE_STRING_H -DHAVE_STRINGS_H -DHAVE_TERMIO_H -DHAVE_TERMIOS_H -DHAVE_TIME_H -DHAVE_UNISTD_H -DHAVE_UTIME_H -DHAVE_STDDEF_H -DHAVE_DLFCN_H -DHAVE_MALLOC_H -DHAVE_MEMORY_H -DHAVE_NETINET_IF_ETHER_H -DHAVE_STDINT_H -DHAVE_SYS_UTSNAME_H CMakeFiles/cmTC_10328.dir/CurlTests.c.o -o cmTC_10328 
make[1]: Leaving directory '/workspaces/batmobile/build/CMakeFiles/CMakeTmp'


Performing Curl Test HAVE_GETHOSTBYNAME_R_6_REENTRANT passed with the following output:
Change Dir: /workspaces/batmobile/build/CMakeFiles/CMakeTmp

Run Build Command(s):/home/codespace/.local/lib/python3.10/site-packages/cmake/data/bin/cmake -E env VERBOSE=1 /usr/bin/make -f Makefile cmTC_e4cc4/fast && /usr/bin/make  -f CMakeFiles/cmTC_e4cc4.dir/build.make CMakeFiles/cmTC_e4cc4.dir/build
make[1]: Entering directory '/workspaces/batmobile/build/CMakeFiles/CMakeTmp'
Building C object CMakeFiles/cmTC_e4cc4.dir/CurlTests.c.o
/usr/bin/cc   -pedantic -Wall -W -Wpointer-arith -Wwrite-strings -Wunused -Wshadow -Winline -Wnested-externs -Wmissing-declarations -Wmissing-prototypes -Wfloat-equal -Wsign-compare -Wundef -Wendif-labels -Wstrict-prototypes -Wdeclaration-after-statement -Wstrict-aliasing=3 -Wcast-align -Wtype-limits -Wold-style-declaration -Wmissing-parameter-type -Wempty-body -Wclobbered -Wignored-qualifiers -Wconversion -Wvla -Wdouble-promotion -Wno-long-long -Wno-multichar -Wno-format-nonliteral -Wno-sign-conversion -Wno-system-headers -DHAVE_GETHOSTBYNAME_R_6_REENTRANT  -DHAVE_STDIO_H -DHAVE_INTTYPES_H -DHAVE_SYS_IOCTL_H -DHAVE_SYS_PARAM_H -DHAVE_SYS_POLL_H -DHAVE_SYS_RESOURCE_H -DHAVE_SYS_SELECT_H -DHAVE_SYS_SOCKET_H -DHAVE_SYS_STAT_H -DHAVE_SYS_TIME_H -DHAVE_SYS_TYPES_H -DHAVE_SYS_UIO_H -DHAVE_SYS_UN_H -DHAVE_SYS_XATTR_H -DHAVE_ALLOCA_H -DHAVE_ARPA_INET_H -DHAVE_ARPA_TFTP_H -DHAVE_ASSERT_H -DHAVE_ERRNO_H -DHAVE_FCNTL_H -DHAVE_IDN2_H -DHAVE_IFADDRS_H -DHAVE_LIBGEN_H -DHAVE_LOCALE_H -DHAVE_NET_IF_H -DHAVE_NETDB_H -DHAVE_NETINET_IN_H -DHAVE_NETINET_TCP_H -DHAVE_POLL_H -DHAVE_PWD_H -DHAVE_SETJMP_H -DHAVE_SIGNAL_H -DHAVE_STDBOOL_H -DHAVE_STDINT_H -DHAVE_STDIO_H -DHAVE_STDLIB_H -DHAVE_STRING_H -DHAVE_STRINGS_H -DHAVE_TERMIO_H -DHAVE_TERMIOS_H -DHAVE_TIME_H -DHAVE_UNISTD_H -DHAVE_UTIME_H -DHAVE_STDDEF_H -DHAVE_DLFCN_H -DHAVE_MALLOC_H -DHAVE_MEMORY_H -DHAVE_NETINET_IF_ETHER_H -DHAVE_STDINT_H -DHAVE_SYS_UTSNAME_H -o CMakeFiles/cmTC_e4cc4.dir/CurlTests.c.o -c /workspaces/batmobile/build/_deps/curl-src/CMake/CurlTests.c
/workspaces/batmobile/build/_deps/curl-src/CMake/CurlTests.c: In function ‘main’:
/workspaces/batmobile/build/_deps/curl-src/CMake/CurlTests.c:90:19: warning: initialization discards ‘const’ qualifier from pointer target type [-Wdiscarded-qualifiers]
   90 |   char *address = "example.com";
      |                   ^~~~~~~~~~~~~
Linking C executable cmTC_e4cc4
/home/codespace/.local/lib/python3.10/site-packages/cmake/data/bin/cmake -E cmake_link_script CMakeFiles/cmTC_e4cc4.dir/link.txt --verbose=1
/usr/bin/cc  -pedantic -Wall -W -Wpointer-arith -Wwrite-strings -Wunused -Wshadow -Winline -Wnested-externs -Wmissing-declarations -Wmissing-prototypes -Wfloat-equal -Wsign-compare -Wundef -Wendif-labels -Wstrict-prototypes -Wdeclaration-after-statement -Wstrict-aliasing=3 -Wcast-align -Wtype-limits -Wold-style-declaration -Wmissing-parameter-type -Wempty-body -Wclobbered -Wignored-qualifiers -Wconversion -Wvla -Wdouble-promotion -Wno-long-long -Wno-multichar -Wno-format-nonliteral -Wno-sign-conversion -Wno-system-headers -DHAVE_GETHOSTBYNAME_R_6_REENTRANT  -DHAVE_STDIO_H -DHAVE_INTTYPES_H -DHAVE_SYS_IOCTL_H -DHAVE_SYS_PARAM_H -DHAVE_SYS_POLL_H -DHAVE_SYS_RESOURCE_H -DHAVE_SYS_SELECT_H -DHAVE_SYS_SOCKET_H -DHAVE_SYS_STAT_H -DHAVE_SYS_TIME_H -DHAVE_SYS_TYPES_H -DHAVE_SYS_UIO_H -DHAVE_SYS_UN_H -DHAVE_SYS_XATTR_H -DHAVE_ALLOCA_H -DHAVE_ARPA_INET_H -DHAVE_ARPA_TFTP_H -DHAVE_ASSERT_H -DHAVE_ERRNO_H -DHAVE_FCNTL_H -DHAVE_IDN2_H -DHAVE_IFADDRS_H -DHAVE_LIBGEN_H -DHAVE_LOCALE_H -DHAVE_NET_IF_H -DHAVE_NETDB_H -DHAVE_NETINET_IN_H -DHAVE_NETINET_TCP_H -DHAVE_POLL_H -DHAVE_PWD_H -DHAVE_SETJMP_H -DHAVE_SIGNAL_H -DHAVE_STDBOOL_H -DHAVE_STDINT_H -DHAVE_STDIO_H -DHAVE_STDLIB_H -DHAVE_STRING_H -DHAVE_STRINGS_H -DHAVE_TERMIO_H -DHAVE_TERMIOS_H -DHAVE_TIME_H -DHAVE_UNISTD_H -DHAVE_UTIME_H -DHAVE_STDDEF_H -DHAVE_DLFCN_H -DHAVE_MALLOC_H -DHAVE_MEMORY_H -DHAVE_NETINET_IF_ETHER_H -DHAVE_STDINT_H -DHAVE_SYS_UTSNAME_H CMakeFiles/cmTC_e4cc4.dir/CurlTests.c.o -o cmTC_e4cc4 
make[1]: Leaving directory '/workspaces/batmobile/build/CMakeFiles/CMakeTmp'


Performing Curl Test HAVE_IN_ADDR_T passed with the following output:
Change Dir: /workspaces/batmobile/build/CMakeFiles/CMakeTmp

Run Build Command(s):/home/codespace/.local/lib/python3.10/site-packages/cmake/data/bin/cmake -E env VERBOSE=1 /usr/bin/make -f Makefile cmTC_d908e/fast && /usr/bin/make  -f CMakeFiles/cmTC_d908e.dir/build.make CMakeFiles/cmTC_d908e.dir/build
make[1]: Entering directory '/workspaces/batmobile/build/CMakeFiles/CMakeTmp'
Building C object CMakeFiles/cmTC_d908e.dir/CurlTests.c.o
/usr/bin/cc   -pedantic -Wall -W -Wpointer-arith -Wwrite-strings -Wunused -Wshadow -Winline -Wnested-externs -Wmissing-declarations -Wmissing-prototypes -Wfloat-equal -Wsign-compare -Wundef -Wendif-labels -Wstrict-prototypes -Wdeclaration-after-statement -Wstrict-aliasing=3 -Wcast-align -Wtype-limits -Wold-style-declaration -Wmissing-parameter-type -Wempty-body -Wclobbered -Wignored-qualifiers -Wconversion -Wvla -Wdouble-promotion -Wno-long-long -Wno-multichar -Wno-format-nonliteral -Wno-sign-conversion -Wno-system-headers -DHAVE_IN_ADDR_T  -DHAVE_STDIO_H -DHAVE_INTTYPES_H -DHAVE_SYS_IOCTL_H -DHAVE_SYS_PARAM_H -DHAVE_SYS_POLL_H -DHAVE_SYS_RESOURCE_H -DHAVE_SYS_SELECT_H -DHAVE_SYS_SOCKET_H -DHAVE_SYS_STAT_H -DHAVE_SYS_TIME_H -DHAVE_SYS_TYPES_H -DHAVE_SYS_UIO_H -DHAVE_SYS_UN_H -DHAVE_SYS_XATTR_H -DHAVE_ALLOCA_H -DHAVE_ARPA_INET_H -DHAVE_ARPA_TFTP_H -DHAVE_ASSERT_H -DHAVE_ERRNO_H -DHAVE_FCNTL_H -DHAVE_IDN2_H -DHAVE_IFADDRS_H -DHAVE_LIBGEN_H -DHAVE_LOCALE_H -DHAVE_NET_IF_H -DHAVE_NETDB_H -DHAVE_NETINET_IN_H -DHAVE_NETINET_TCP_H -DHAVE_POLL_H -DHAVE_PWD_H -DHAVE_SETJMP_H -DHAVE_SIGNAL_H -DHAVE_STDBOOL_H -DHAVE_STDINT_H -DHAVE_STDIO_H -DHAVE_STDLIB_H -DHAVE_STRING_H -DHAVE_STRINGS_H -DHAVE_TERMIO_H -DHAVE_TERMIOS_H -DHAVE_TIME_H -DHAVE_UNISTD_H -DHAVE_UTIME_H -DHAVE_STDDEF_H -DHAVE_DLFCN_H -DHAVE_MALLOC_H -DHAVE_MEMORY_H -DHAVE_NETINET_IF_ETHER_H -DHAVE_STDINT_H -DHAVE_SYS_UTSNAME_H -o CMakeFiles/cmTC_d908e.dir/CurlTests.c.o -c /workspaces/batmobile/build/_deps/curl-src/CMake/CurlTests.c
/workspaces/batmobile/build/_deps/curl-src/CMake/CurlTests.c:150:1: warning: function declaration isn’t a prototype [-Wstrict-prototypes]
  150 | main ()
      | ^~~~
Linking C executable cmTC_d908e
/home/codespace/.local/lib/python3.10/site-packages/cmake/data/bin/cmake -E cmake_link_script CMakeFiles/cmTC_d908e.dir/link.txt --verbose=1
/usr/bin/cc  -pedantic -Wall -W -Wpointer-arith -Wwrite-strings -Wunused -Wshadow -Winline -Wnested-externs -Wmissing-declarations -Wmissing-prototypes -Wfloat-equal -Wsign-compare -Wundef -Wendif-labels -Wstrict-prototypes -Wdeclaration-after-statement -Wstrict-aliasing=3 -Wcast-align -Wtype-limits -Wold-style-declaration -Wmissing-parameter-type -Wempty-body -Wclobbered -Wignored-qualifiers -Wconversion -Wvla -Wdouble-promotion -Wno-long-long -Wno-multichar -Wno-format-nonliteral -Wno-sign-conversion -Wno-system-headers -DHAVE_IN_ADDR_T  -DHAVE_STDIO_H -DHAVE_INTTYPES_H -DHAVE_SYS_IOCTL_H -DHAVE_SYS_PARAM_H -DHAVE_SYS_POLL_H -DHAVE_SYS_RESOURCE_H -DHAVE_SYS_SELECT_H -DHAVE_SYS_SOCKET_H -DHAVE_SYS_STAT_H -DHAVE_SYS_TIME_H -DHAVE_SYS_TYPES_H -DHAVE_SYS_UIO_H -DHAVE_SYS_UN_H -DHAVE_SYS_XATTR_H -DHAVE_ALLOCA_H -DHAVE_ARPA_INET_H -DHAVE_ARPA_TFTP_H -DHAVE_ASSERT_H -DHAVE_ERRNO_H -DHAVE_FCNTL_H -DHAVE_IDN2_H -DHAVE_IFADDRS_H -DHAVE_LIBGEN_H -DHAVE_LOCALE_H -DHAVE_NET_IF_H -DHAVE_NETDB_H -DHAVE_NETINET_IN_H -DHAVE_NETINET_TCP_H -DHAVE_POLL_H -DHAVE_PWD_H -DHAVE_SETJMP_H -DHAVE_SIGNAL_H -DHAVE_STDBOOL_H -DHAVE_STDINT_H -DHAVE_STDIO_H -DHAVE_STDLIB_H -DHAVE_STRING_H -DHAVE_STRINGS_H -DHAVE_TERMIO_H -DHAVE_TERMIOS_H -DHAVE_TIME_H -DHAVE_UNISTD_H -DHAVE_UTIME_H -DHAVE_STDDEF_H -DHAVE_DLFCN_H -DHAVE_MALLOC_H -DHAVE_MEMORY_H -DHAVE_NETINET_IF_ETHER_H -DHAVE_STDINT_H -DHAVE_SYS_UTSNAME_H CMakeFiles/cmTC_d908e.dir/CurlTests.c.o -o cmTC_d908e 
make[1]: Leaving directory '/workspaces/batmobile/build/CMakeFiles/CMakeTmp'


Performing Curl Test HAVE_BOOL_T passed with the following output:
Change Dir: /workspaces/batmobile/build/CMakeFiles/CMakeTmp

Run Build Command(s):/home/codespace/.local/lib/python3.10/site-packages/cmake/data/bin/cmake -E env VERBOSE=1 /usr/bin/make -f Makefile cmTC_9a12b/fast && /usr/bin/make  -f CMakeFiles/cmTC_9a12b.dir/build.make CMakeFiles/cmTC_9a12b.dir/build
make[1]: Entering directory '/workspaces/batmobile/build/CMakeFiles/CMakeTmp'
Building C object CMakeFiles/cmTC_9a12b.dir/CurlTests.c.o
/usr/bin/cc   -pedantic -Wall -W -Wpointer-arith -Wwrite-strings -Wunused -Wshadow -Winline -Wnested-externs -Wmissing-declarations -Wmissing-prototypes -Wfloat-equal -Wsign-compare -Wundef -Wendif-labels -Wstrict-prototypes -Wdeclaration-after-statement -Wstrict-aliasing=3 -Wcast-align -Wtype-limits -Wold-style-declaration -Wmissing-parameter-type -Wempty-body -Wclobbered -Wignored-qualifiers -Wconversion -Wvla -Wdouble-promotion -Wno-long-long -Wno-multichar -Wno-format-nonliteral -Wno-sign-conversion -Wno-system-headers -DHAVE_BOOL_T  -DHAVE_STDIO_H -DHAVE_INTTYPES_H -DHAVE_SYS_IOCTL_H -DHAVE_SYS_PARAM_H -DHAVE_SYS_POLL_H -DHAVE_SYS_RESOURCE_H -DHAVE_SYS_SELECT_H -DHAVE_SYS_SOCKET_H -DHAVE_SYS_STAT_H -DHAVE_SYS_TIME_H -DHAVE_SYS_TYPES_H -DHAVE_SYS_UIO_H -DHAVE_SYS_UN_H -DHAVE_SYS_XATTR_H -DHAVE_ALLOCA_H -DHAVE_ARPA_INET_H -DHAVE_ARPA_TFTP_H -DHAVE_ASSERT_H -DHAVE_ERRNO_H -DHAVE_FCNTL_H -DHAVE_IDN2_H -DHAVE_IFADDRS_H -DHAVE_LIBGEN_H -DHAVE_LOCALE_H -DHAVE_NET_IF_H -DHAVE_NETDB_H -DHAVE_NETINET_IN_H -DHAVE_NETINET_TCP_H -DHAVE_POLL_H -DHAVE_PWD_H -DHAVE_SETJMP_H -DHAVE_SIGNAL_H -DHAVE_STDBOOL_H -DHAVE_STDINT_H -DHAVE_STDIO_H -DHAVE_STDLIB_H -DHAVE_STRING_H -DHAVE_STRINGS_H -DHAVE_TERMIO_H -DHAVE_TERMIOS_H -DHAVE_TIME_H -DHAVE_UNISTD_H -DHAVE_UTIME_H -DHAVE_STDDEF_H -DHAVE_DLFCN_H -DHAVE_MALLOC_H -DHAVE_MEMORY_H -DHAVE_NETINET_IF_ETHER_H -DHAVE_STDINT_H -DHAVE_SYS_UTSNAME_H -o CMakeFiles/cmTC_9a12b.dir/CurlTests.c.o -c /workspaces/batmobile/build/_deps/curl-src/CMake/CurlTests.c
/workspaces/batmobile/build/_deps/curl-src/CMake/CurlTests.c:169:1: warning: function declaration isn’t a prototype [-Wstrict-prototypes]
  169 | main ()
      | ^~~~
Linking C executable cmTC_9a12b
/home/codespace/.local/lib/python3.10/site-packages/cmake/data/bin/cmake -E cmake_link_script CMakeFiles/cmTC_9a12b.dir/link.txt --verbose=1
/usr/bin/cc  -pedantic -Wall -W -Wpointer-arith -Wwrite-strings -Wunused -Wshadow -Winline -Wnested-externs -Wmissing-declarations -Wmissing-prototypes -Wfloat-equal -Wsign-compare -Wundef -Wendif-labels -Wstrict-prototypes -Wdeclaration-after-statement -Wstrict-aliasing=3 -Wcast-align -Wtype-limits -Wold-style-declaration -Wmissing-parameter-type -Wempty-body -Wclobbered -Wignored-qualifiers -Wconversion -Wvla -Wdouble-promotion -Wno-long-long -Wno-multichar -Wno-format-nonliteral -Wno-sign-conversion -Wno-system-headers -DHAVE_BOOL_T  -DHAVE_STDIO_H -DHAVE_INTTYPES_H -DHAVE_SYS_IOCTL_H -DHAVE_SYS_PARAM_H -DHAVE_SYS_POLL_H -DHAVE_SYS_RESOURCE_H -DHAVE_SYS_SELECT_H -DHAVE_SYS_SOCKET_H -DHAVE_SYS_STAT_H -DHAVE_SYS_TIME_H -DHAVE_SYS_TYPES_H -DHAVE_SYS_UIO_H -DHAVE_SYS_UN_H -DHAVE_SYS_XATTR_H -DHAVE_ALLOCA_H -DHAVE_ARPA_INET_H -DHAVE_ARPA_TFTP_H -DHAVE_ASSERT_H -DHAVE_ERRNO_H -DHAVE_FCNTL_H -DHAVE_IDN2_H -DHAVE_IFADDRS_H -DHAVE_LIBGEN_H -DHAVE_LOCALE_H -DHAVE_NET_IF_H -DHAVE_NETDB_H -DHAVE_NETINET_IN_H -DHAVE_NETINET_TCP_H -DHAVE_POLL_H -DHAVE_PWD_H -DHAVE_SETJMP_H -DHAVE_SIGNAL_H -DHAVE_STDBOOL_H -DHAVE_STDINT_H -DHAVE_STDIO_H -DHAVE_STDLIB_H -DHAVE_STRING_H -DHAVE_STRINGS_H -DHAVE_TERMIO_H -DHAVE_TERMIOS_H -DHAVE_TIME_H -DHAVE_UNISTD_H -DHAVE_UTIME_H -DHAVE_STDDEF_H -DHAVE_DLFCN_H -DHAVE_MALLOC_H -DHAVE_MEMORY_H -DHAVE_NETINET_IF_ETHER_H -DHAVE_STDINT_H -DHAVE_SYS_UTSNAME_H CMakeFiles/cmTC_9a12b.dir/CurlTests.c.o -o cmTC_9a12b 
make[1]: Leaving directory '/workspaces/batmobile/build/CMakeFiles/CMakeTmp'


Performing Curl Test STDC_HEADERS passed with the following output:
Change Dir: /workspaces/batmobile/build/CMakeFiles/CMakeTmp

Run Build Command(s):/home/codespace/.local/lib/python3.10/site-packages/cmake/data/bin/cmake -E env VERBOSE=1 /usr/bin/make -f Makefile cmTC_f661c/fast && /usr/bin/make  -f CMakeFiles/cmTC_f661c.dir/build.make CMakeFiles/cmTC_f661c.dir/build
make[1]: Entering directory '/workspaces/batmobile/build/CMakeFiles/CMakeTmp'
Building C object CMakeFiles/cmTC_f661c.dir/CurlTests.c.o
/usr/bin/cc   -pedantic -Wall -W -Wpointer-arith -Wwrite-strings -Wunused -Wshadow -Winline -Wnested-externs -Wmissing-declarations -Wmissing-prototypes -Wfloat-equal -Wsign-compare -Wundef -Wendif-labels -Wstrict-prototypes -Wdeclaration-after-statement -Wstrict-aliasing=3 -Wcast-align -Wtype-limits -Wold-style-declaration -Wmissing-parameter-type -Wempty-body -Wclobbered -Wignored-qualifiers -Wconversion -Wvla -Wdouble-promotion -Wno-long-long -Wno-multichar -Wno-format-nonliteral -Wno-sign-conversion -Wno-system-headers -DSTDC_HEADERS  -DHAVE_STDIO_H -DHAVE_INTTYPES_H -DHAVE_SYS_IOCTL_H -DHAVE_SYS_PARAM_H -DHAVE_SYS_POLL_H -DHAVE_SYS_RESOURCE_H -DHAVE_SYS_SELECT_H -DHAVE_SYS_SOCKET_H -DHAVE_SYS_STAT_H -DHAVE_SYS_TIME_H -DHAVE_SYS_TYPES_H -DHAVE_SYS_UIO_H -DHAVE_SYS_UN_H -DHAVE_SYS_XATTR_H -DHAVE_ALLOCA_H -DHAVE_ARPA_INET_H -DHAVE_ARPA_TFTP_H -DHAVE_ASSERT_H -DHAVE_ERRNO_H -DHAVE_FCNTL_H -DHAVE_IDN2_H -DHAVE_IFADDRS_H -DHAVE_LIBGEN_H -DHAVE_LOCALE_H -DHAVE_NET_IF_H -DHAVE_NETDB_H -DHAVE_NETINET_IN_H -DHAVE_NETINET_TCP_H -DHAVE_POLL_H -DHAVE_PWD_H -DHAVE_SETJMP_H -DHAVE_SIGNAL_H -DHAVE_STDBOOL_H -DHAVE_STDINT_H -DHAVE_STDIO_H -DHAVE_STDLIB_H -DHAVE_STRING_H -DHAVE_STRINGS_H -DHAVE_TERMIO_H -DHAVE_TERMIOS_H -DHAVE_TIME_H -DHAVE_UNISTD_H -DHAVE_UTIME_H -DHAVE_STDDEF_H -DHAVE_DLFCN_H -DHAVE_MALLOC_H -DHAVE_MEMORY_H -DHAVE_NETINET_IF_ETHER_H -DHAVE_STDINT_H -DHAVE_SYS_UTSNAME_H -o CMakeFiles/cmTC_f661c.dir/CurlTests.c.o -c /workspaces/batmobile/build/_deps/curl-src/CMake/CurlTests.c
/workspaces/batmobile/build/_deps/curl-src/CMake/CurlTests.c:183:5: warning: function declaration isn’t a prototype [-Wstrict-prototypes]
  183 | int main() { return 0; }
      |     ^~~~
Linking C executable cmTC_f661c
/home/codespace/.local/lib/python3.10/site-packages/cmake/data/bin/cmake -E cmake_link_script CMakeFiles/cmTC_f661c.dir/link.txt --verbose=1
/usr/bin/cc  -pedantic -Wall -W -Wpointer-arith -Wwrite-strings -Wunused -Wshadow -Winline -Wnested-externs -Wmissing-declarations -Wmissing-prototypes -Wfloat-equal -Wsign-compare -Wundef -Wendif-labels -Wstrict-prototypes -Wdeclaration-after-statement -Wstrict-aliasing=3 -Wcast-align -Wtype-limits -Wold-style-declaration -Wmissing-parameter-type -Wempty-body -Wclobbered -Wignored-qualifiers -Wconversion -Wvla -Wdouble-promotion -Wno-long-long -Wno-multichar -Wno-format-nonliteral -Wno-sign-conversion -Wno-system-headers -DSTDC_HEADERS  -DHAVE_STDIO_H -DHAVE_INTTYPES_H -DHAVE_SYS_IOCTL_H -DHAVE_SYS_PARAM_H -DHAVE_SYS_POLL_H -DHAVE_SYS_RESOURCE_H -DHAVE_SYS_SELECT_H -DHAVE_SYS_SOCKET_H -DHAVE_SYS_STAT_H -DHAVE_SYS_TIME_H -DHAVE_SYS_TYPES_H -DHAVE_SYS_UIO_H -DHAVE_SYS_UN_H -DHAVE_SYS_XATTR_H -DHAVE_ALLOCA_H -DHAVE_ARPA_INET_H -DHAVE_ARPA_TFTP_H -DHAVE_ASSERT_H -DHAVE_ERRNO_H -DHAVE_FCNTL_H -DHAVE_IDN2_H -DHAVE_IFADDRS_H -DHAVE_LIBGEN_H -DHAVE_LOCALE_H -DHAVE_NET_IF_H -DHAVE_NETDB_H -DHAVE_NETINET_IN_H -DHAVE_NETINET_TCP_H -DHAVE_POLL_H -DHAVE_PWD_H -DHAVE_SETJMP_H -DHAVE_SIGNAL_H -DHAVE_STDBOOL_H -DHAVE_STDINT_H -DHAVE_STDIO_H -DHAVE_STDLIB_H -DHAVE_STRING_H -DHAVE_STRINGS_H -DHAVE_TERMIO_H -DHAVE_TERMIOS_H -DHAVE_TIME_H -DHAVE_UNISTD_H -DHAVE_UTIME_H -DHAVE_STDDEF_H -DHAVE_DLFCN_H -DHAVE_MALLOC_H -DHAVE_MEMORY_H -DHAVE_NETINET_IF_ETHER_H -DHAVE_STDINT_H -DHAVE_SYS_UTSNAME_H CMakeFiles/cmTC_f661c.dir/CurlTests.c.o -o cmTC_f661c 
make[1]: Leaving directory '/workspaces/batmobile/build/CMakeFiles/CMakeTmp'


Performing Curl Test HAVE_FILE_OFFSET_BITS passed with the following output:
Change Dir: /workspaces/batmobile/build/CMakeFiles/CMakeTmp

Run Build Command(s):/home/codespace/.local/lib/python3.10/site-packages/cmake/data/bin/cmake -E env VERBOSE=1 /usr/bin/make -f Makefile cmTC_9fe49/fast && /usr/bin/make  -f CMakeFiles/cmTC_9fe49.dir/build.make CMakeFiles/cmTC_9fe49.dir/build
make[1]: Entering directory '/workspaces/batmobile/build/CMakeFiles/CMakeTmp'
Building C object CMakeFiles/cmTC_9fe49.dir/CurlTests.c.o
/usr/bin/cc   -pedantic -Wall -W -Wpointer-arith -Wwrite-strings -Wunused -Wshadow -Winline -Wnested-externs -Wmissing-declarations -Wmissing-prototypes -Wfloat-equal -Wsign-compare -Wundef -Wendif-labels -Wstrict-prototypes -Wdeclaration-after-statement -Wstrict-aliasing=3 -Wcast-align -Wtype-limits -Wold-style-declaration -Wmissing-parameter-type -Wempty-body -Wclobbered -Wignored-qualifiers -Wconversion -Wvla -Wdouble-promotion -Wno-long-long -Wno-multichar -Wno-format-nonliteral -Wno-sign-conversion -Wno-system-headers -DHAVE_FILE_OFFSET_BITS  -DHAVE_STDIO_H -DHAVE_INTTYPES_H -DHAVE_SYS_IOCTL_H -DHAVE_SYS_PARAM_H -DHAVE_SYS_POLL_H -DHAVE_SYS_RESOURCE_H -DHAVE_SYS_SELECT_H -DHAVE_SYS_SOCKET_H -DHAVE_SYS_STAT_H -DHAVE_SYS_TIME_H -DHAVE_SYS_TYPES_H -DHAVE_SYS_UIO_H -DHAVE_SYS_UN_H -DHAVE_SYS_XATTR_H -DHAVE_ALLOCA_H -DHAVE_ARPA_INET_H -DHAVE_ARPA_TFTP_H -DHAVE_ASSERT_H -DHAVE_ERRNO_H -DHAVE_FCNTL_H -DHAVE_IDN2_H -DHAVE_IFADDRS_H -DHAVE_LIBGEN_H -DHAVE_LOCALE_H -DHAVE_NET_IF_H -DHAVE_NETDB_H -DHAVE_NETINET_IN_H -DHAVE_NETINET_TCP_H -DHAVE_POLL_H -DHAVE_PWD_H -DHAVE_SETJMP_H -DHAVE_SIGNAL_H -DHAVE_STDBOOL_H -DHAVE_STDINT_H -DHAVE_STDIO_H -DHAVE_STDLIB_H -DHAVE_STRING_H -DHAVE_STRINGS_H -DHAVE_TERMIO_H -DHAVE_TERMIOS_H -DHAVE_TIME_H -DHAVE_UNISTD_H -DHAVE_UTIME_H -DHAVE_STDDEF_H -DHAVE_DLFCN_H -DHAVE_MALLOC_H -DHAVE_MEMORY_H -DHAVE_NETINET_IF_ETHER_H -DHAVE_STDINT_H -DHAVE_SYS_UTSNAME_H -o CMakeFiles/cmTC_9fe49.dir/CurlTests.c.o -c /workspaces/batmobile/build/_deps/curl-src/CMake/CurlTests.c
/workspaces/batmobile/build/_deps/curl-src/CMake/CurlTests.c:221:5: warning: function declaration isn’t a prototype [-Wstrict-prototypes]
  221 | int main () { ; return 0; }
      |     ^~~~
Linking C executable cmTC_9fe49
/home/codespace/.local/lib/python3.10/site-packages/cmake/data/bin/cmake -E cmake_link_script CMakeFiles/cmTC_9fe49.dir/link.txt --verbose=1
/usr/bin/cc  -pedantic -Wall -W -Wpointer-arith -Wwrite-strings -Wunused -Wshadow -Winline -Wnested-externs -Wmissing-declarations -Wmissing-prototypes -Wfloat-equal -Wsign-compare -Wundef -Wendif-labels -Wstrict-prototypes -Wdeclaration-after-statement -Wstrict-aliasing=3 -Wcast-align -Wtype-limits -Wold-style-declaration -Wmissing-parameter-type -Wempty-body -Wclobbered -Wignored-qualifiers -Wconversion -Wvla -Wdouble-promotion -Wno-long-long -Wno-multichar -Wno-format-nonliteral -Wno-sign-conversion -Wno-system-headers -DHAVE_FILE_OFFSET_BITS  -DHAVE_STDIO_H -DHAVE_INTTYPES_H -DHAVE_SYS_IOCTL_H -DHAVE_SYS_PARAM_H -DHAVE_SYS_POLL_H -DHAVE_SYS_RESOURCE_H -DHAVE_SYS_SELECT_H -DHAVE_SYS_SOCKET_H -DHAVE_SYS_STAT_H -DHAVE_SYS_TIME_H -DHAVE_SYS_TYPES_H -DHAVE_SYS_UIO_H -DHAVE_SYS_UN_H -DHAVE_SYS_XATTR_H -DHAVE_ALLOCA_H -DHAVE_ARPA_INET_H -DHAVE_ARPA_TFTP_H -DHAVE_ASSERT_H -DHAVE_ERRNO_H -DHAVE_FCNTL_H -DHAVE_IDN2_H -DHAVE_IFADDRS_H -DHAVE_LIBGEN_H -DHAVE_LOCALE_H -DHAVE_NET_IF_H -DHAVE_NETDB_H -DHAVE_NETINET_IN_H -DHAVE_NETINET_TCP_H -DHAVE_POLL_H -DHAVE_PWD_H -DHAVE_SETJMP_H -DHAVE_SIGNAL_H -DHAVE_STDBOOL_H -DHAVE_STDINT_H -DHAVE_STDIO_H -DHAVE_STDLIB_H -DHAVE_STRING_H -DHAVE_STRINGS_H -DHAVE_TERMIO_H -DHAVE_TERMIOS_H -DHAVE_TIME_H -DHAVE_UNISTD_H -DHAVE_UTIME_H -DHAVE_STDDEF_H -DHAVE_DLFCN_H -DHAVE_MALLOC_H -DHAVE_MEMORY_H -DHAVE_NETINET_IF_ETHER_H -DHAVE_STDINT_H -DHAVE_SYS_UTSNAME_H CMakeFiles/cmTC_9fe49.dir/CurlTests.c.o -o cmTC_9fe49 
make[1]: Leaving directory '/workspaces/batmobile/build/CMakeFiles/CMakeTmp'


Performing Curl Test HAVE_VARIADIC_MACROS_C99 passed with the following output:
Change Dir: /workspaces/batmobile/build/CMakeFiles/CMakeTmp

Run Build Command(s):/home/codespace/.local/lib/python3.10/site-packages/cmake/data/bin/cmake -E env VERBOSE=1 /usr/bin/make -f Makefile cmTC_8ae83/fast && /usr/bin/make  -f CMakeFiles/cmTC_8ae83.dir/build.make CMakeFiles/cmTC_8ae83.dir/build
make[1]: Entering directory '/workspaces/batmobile/build/CMakeFiles/CMakeTmp'
Building C object CMakeFiles/cmTC_8ae83.dir/CurlTests.c.o
/usr/bin/cc   -pedantic -Wall -W -Wpointer-arith -Wwrite-strings -Wunused -Wshadow -Winline -Wnested-externs -Wmissing-declarations -Wmissing-prototypes -Wfloat-equal -Wsign-compare -Wundef -Wendif-labels -Wstrict-prototypes -Wdeclaration-after-statement -Wstrict-aliasing=3 -Wcast-align -Wtype-limits -Wold-style-declaration -Wmissing-parameter-type -Wempty-body -Wclobbered -Wignored-qualifiers -Wconversion -Wvla -Wdouble-promotion -Wno-long-long -Wno-multichar -Wno-format-nonliteral -Wno-sign-conversion -Wno-system-headers -DHAVE_VARIADIC_MACROS_C99  -DHAVE_STDIO_H -DHAVE_INTTYPES_H -DHAVE_SYS_IOCTL_H -DHAVE_SYS_PARAM_H -DHAVE_SYS_POLL_H -DHAVE_SYS_RESOURCE_H -DHAVE_SYS_SELECT_H -DHAVE_SYS_SOCKET_H -DHAVE_SYS_STAT_H -DHAVE_SYS_TIME_H -DHAVE_SYS_TYPES_H -DHAVE_SYS_UIO_H -DHAVE_SYS_UN_H -DHAVE_SYS_XATTR_H -DHAVE_ALLOCA_H -DHAVE_ARPA_INET_H -DHAVE_ARPA_TFTP_H -DHAVE_ASSERT_H -DHAVE_ERRNO_H -DHAVE_FCNTL_H -DHAVE_IDN2_H -DHAVE_IFADDRS_H -DHAVE_LIBGEN_H -DHAVE_LOCALE_H -DHAVE_NET_IF_H -DHAVE_NETDB_H -DHAVE_NETINET_IN_H -DHAVE_NETINET_TCP_H -DHAVE_POLL_H -DHAVE_PWD_H -DHAVE_SETJMP_H -DHAVE_SIGNAL_H -DHAVE_STDBOOL_H -DHAVE_STDINT_H -DHAVE_STDIO_H -DHAVE_STDLIB_H -DHAVE_STRING_H -DHAVE_STRINGS_H -DHAVE_TERMIO_H -DHAVE_TERMIOS_H -DHAVE_TIME_H -DHAVE_UNISTD_H -DHAVE_UTIME_H -DHAVE_STDDEF_H -DHAVE_DLFCN_H -DHAVE_MALLOC_H -DHAVE_MEMORY_H -DHAVE_NETINET_IF_ETHER_H -DHAVE_STDINT_H -DHAVE_SYS_UTSNAME_H -o CMakeFiles/cmTC_8ae83.dir/CurlTests.c.o -c /workspaces/batmobile/build/_deps/curl-src/CMake/CurlTests.c
/workspaces/batmobile/build/_deps/curl-src/CMake/CurlTests.c:486:1: warning: function declaration isn’t a prototype [-Wstrict-prototypes]
  486 | main() {
      | ^~~~
Linking C executable cmTC_8ae83
/home/codespace/.local/lib/python3.10/site-packages/cmake/data/bin/cmake -E cmake_link_script CMakeFiles/cmTC_8ae83.dir/link.txt --verbose=1
/usr/bin/cc  -pedantic -Wall -W -Wpointer-arith -Wwrite-strings -Wunused -Wshadow -Winline -Wnested-externs -Wmissing-declarations -Wmissing-prototypes -Wfloat-equal -Wsign-compare -Wundef -Wendif-labels -Wstrict-prototypes -Wdeclaration-after-statement -Wstrict-aliasing=3 -Wcast-align -Wtype-limits -Wold-style-declaration -Wmissing-parameter-type -Wempty-body -Wclobbered -Wignored-qualifiers -Wconversion -Wvla -Wdouble-promotion -Wno-long-long -Wno-multichar -Wno-format-nonliteral -Wno-sign-conversion -Wno-system-headers -DHAVE_VARIADIC_MACROS_C99  -DHAVE_STDIO_H -DHAVE_INTTYPES_H -DHAVE_SYS_IOCTL_H -DHAVE_SYS_PARAM_H -DHAVE_SYS_POLL_H -DHAVE_SYS_RESOURCE_H -DHAVE_SYS_SELECT_H -DHAVE_SYS_SOCKET_H -DHAVE_SYS_STAT_H -DHAVE_SYS_TIME_H -DHAVE_SYS_TYPES_H -DHAVE_SYS_UIO_H -DHAVE_SYS_UN_H -DHAVE_SYS_XATTR_H -DHAVE_ALLOCA_H -DHAVE_ARPA_INET_H -DHAVE_ARPA_TFTP_H -DHAVE_ASSERT_H -DHAVE_ERRNO_H -DHAVE_FCNTL_H -DHAVE_IDN2_H -DHAVE_IFADDRS_H -DHAVE_LIBGEN_H -DHAVE_LOCALE_H -DHAVE_NET_IF_H -DHAVE_NETDB_H -DHAVE_NETINET_IN_H -DHAVE_NETINET_TCP_H -DHAVE_POLL_H -DHAVE_PWD_H -DHAVE_SETJMP_H -DHAVE_SIGNAL_H -DHAVE_STDBOOL_H -DHAVE_STDINT_H -DHAVE_STDIO_H -DHAVE_STDLIB_H -DHAVE_STRING_H -DHAVE_STRINGS_H -DHAVE_TERMIO_H -DHAVE_TERMIOS_H -DHAVE_TIME_H -DHAVE_UNISTD_H -DHAVE_UTIME_H -DHAVE_STDDEF_H -DHAVE_DLFCN_H -DHAVE_MALLOC_H -DHAVE_MEMORY_H -DHAVE_NETINET_IF_ETHER_H -DHAVE_STDINT_H -DHAVE_SYS_UTSNAME_H CMakeFiles/cmTC_8ae83.dir/CurlTests.c.o -o cmTC_8ae83 
make[1]: Leaving directory '/workspaces/batmobile/build/CMakeFiles/CMakeTmp'


Performing Curl Test HAVE_VARIADIC_MACROS_GCC passed with the following output:
Change Dir: /workspaces/batmobile/build/CMakeFiles/CMakeTmp

Run Build Command(s):/home/codespace/.local/lib/python3.10/site-packages/cmake/data/bin/cmake -E env VERBOSE=1 /usr/bin/make -f Makefile cmTC_01ac0/fast && /usr/bin/make  -f CMakeFiles/cmTC_01ac0.dir/build.make CMakeFiles/cmTC_01ac0.dir/build
make[1]: Entering directory '/workspaces/batmobile/build/CMakeFiles/CMakeTmp'
Building C object CMakeFiles/cmTC_01ac0.dir/CurlTests.c.o
/usr/bin/cc   -pedantic -Wall -W -Wpointer-arith -Wwrite-strings -Wunused -Wshadow -Winline -Wnested-externs -Wmissing-declarations -Wmissing-prototypes -Wfloat-equal -Wsign-compare -Wundef -Wendif-labels -Wstrict-prototypes -Wdeclaration-after-statement -Wstrict-aliasing=3 -Wcast-align -Wtype-limits -Wold-style-declaration -Wmissing-parameter-type -Wempty-body -Wclobbered -Wignored-qualifiers -Wconversion -Wvla -Wdouble-promotion -Wno-long-long -Wno-multichar -Wno-format-nonliteral -Wno-sign-conversion -Wno-system-headers -DHAVE_VARIADIC_MACROS_GCC  -DHAVE_STDIO_H -DHAVE_INTTYPES_H -DHAVE_SYS_IOCTL_H -DHAVE_SYS_PARAM_H -DHAVE_SYS_POLL_H -DHAVE_SYS_RESOURCE_H -DHAVE_SYS_SELECT_H -DHAVE_SYS_SOCKET_H -DHAVE_SYS_STAT_H -DHAVE_SYS_TIME_H -DHAVE_SYS_TYPES_H -DHAVE_SYS_UIO_H -DHAVE_SYS_UN_H -DHAVE_SYS_XATTR_H -DHAVE_ALLOCA_H -DHAVE_ARPA_INET_H -DHAVE_ARPA_TFTP_H -DHAVE_ASSERT_H -DHAVE_ERRNO_H -DHAVE_FCNTL_H -DHAVE_IDN2_H -DHAVE_IFADDRS_H -DHAVE_LIBGEN_H -DHAVE_LOCALE_H -DHAVE_NET_IF_H -DHAVE_NETDB_H -DHAVE_NETINET_IN_H -DHAVE_NETINET_TCP_H -DHAVE_POLL_H -DHAVE_PWD_H -DHAVE_SETJMP_H -DHAVE_SIGNAL_H -DHAVE_STDBOOL_H -DHAVE_STDINT_H -DHAVE_STDIO_H -DHAVE_STDLIB_H -DHAVE_STRING_H -DHAVE_STRINGS_H -DHAVE_TERMIO_H -DHAVE_TERMIOS_H -DHAVE_TIME_H -DHAVE_UNISTD_H -DHAVE_UTIME_H -DHAVE_STDDEF_H -DHAVE_DLFCN_H -DHAVE_MALLOC_H -DHAVE_MEMORY_H -DHAVE_NETINET_IF_ETHER_H -DHAVE_STDINT_H -DHAVE_SYS_UTSNAME_H -o CMakeFiles/cmTC_01ac0.dir/CurlTests.c.o -c /workspaces/batmobile/build/_deps/curl-src/CMake/CurlTests.c
/workspaces/batmobile/build/_deps/curl-src/CMake/CurlTests.c:495:32: warning: ISO C does not permit named variadic macros [-Wvariadic-macros]
  495 | #define gcc_vmacro3(first, args...) fun3(first, args)
      |                                ^~~
/workspaces/batmobile/build/_deps/curl-src/CMake/CurlTests.c:496:32: warning: ISO C does not permit named variadic macros [-Wvariadic-macros]
  496 | #define gcc_vmacro2(first, args...) fun2(first, args)
      |                                ^~~
/workspaces/batmobile/build/_deps/curl-src/CMake/CurlTests.c:509:1: warning: function declaration isn’t a prototype [-Wstrict-prototypes]
  509 | main() {
      | ^~~~
Linking C executable cmTC_01ac0
/home/codespace/.local/lib/python3.10/site-packages/cmake/data/bin/cmake -E cmake_link_script CMakeFiles/cmTC_01ac0.dir/link.txt --verbose=1
/usr/bin/cc  -pedantic -Wall -W -Wpointer-arith -Wwrite-strings -Wunused -Wshadow -Winline -Wnested-externs -Wmissing-declarations -Wmissing-prototypes -Wfloat-equal -Wsign-compare -Wundef -Wendif-labels -Wstrict-prototypes -Wdeclaration-after-statement -Wstrict-aliasing=3 -Wcast-align -Wtype-limits -Wold-style-declaration -Wmissing-parameter-type -Wempty-body -Wclobbered -Wignored-qualifiers -Wconversion -Wvla -Wdouble-promotion -Wno-long-long -Wno-multichar -Wno-format-nonliteral -Wno-sign-conversion -Wno-system-headers -DHAVE_VARIADIC_MACROS_GCC  -DHAVE_STDIO_H -DHAVE_INTTYPES_H -DHAVE_SYS_IOCTL_H -DHAVE_SYS_PARAM_H -DHAVE_SYS_POLL_H -DHAVE_SYS_RESOURCE_H -DHAVE_SYS_SELECT_H -DHAVE_SYS_SOCKET_H -DHAVE_SYS_STAT_H -DHAVE_SYS_TIME_H -DHAVE_SYS_TYPES_H -DHAVE_SYS_UIO_H -DHAVE_SYS_UN_H -DHAVE_SYS_XATTR_H -DHAVE_ALLOCA_H -DHAVE_ARPA_INET_H -DHAVE_ARPA_TFTP_H -DHAVE_ASSERT_H -DHAVE_ERRNO_H -DHAVE_FCNTL_H -DHAVE_IDN2_H -DHAVE_IFADDRS_H -DHAVE_LIBGEN_H -DHAVE_LOCALE_H -DHAVE_NET_IF_H -DHAVE_NETDB_H -DHAVE_NETINET_IN_H -DHAVE_NETINET_TCP_H -DHAVE_POLL_H -DHAVE_PWD_H -DHAVE_SETJMP_H -DHAVE_SIGNAL_H -DHAVE_STDBOOL_H -DHAVE_STDINT_H -DHAVE_STDIO_H -DHAVE_STDLIB_H -DHAVE_STRING_H -DHAVE_STRINGS_H -DHAVE_TERMIO_H -DHAVE_TERMIOS_H -DHAVE_TIME_H -DHAVE_UNISTD_H -DHAVE_UTIME_H -DHAVE_STDDEF_H -DHAVE_DLFCN_H -DHAVE_MALLOC_H -DHAVE_MEMORY_H -DHAVE_NETINET_IF_ETHER_H -DHAVE_STDINT_H -DHAVE_SYS_UTSNAME_H CMakeFiles/cmTC_01ac0.dir/CurlTests.c.o -o cmTC_01ac0 
make[1]: Leaving directory '/workspaces/batmobile/build/CMakeFiles/CMakeTmp'


Performing Curl Test HAVE_POSIX_STRERROR_R passed with the following output:
Change Dir: /workspaces/batmobile/build/CMakeFiles/CMakeTmp

Run Build Command(s):/home/codespace/.local/lib/python3.10/site-packages/cmake/data/bin/cmake -E env VERBOSE=1 /usr/bin/make -f Makefile cmTC_8e9e5/fast && /usr/bin/make  -f CMakeFiles/cmTC_8e9e5.dir/build.make CMakeFiles/cmTC_8e9e5.dir/build
make[1]: Entering directory '/workspaces/batmobile/build/CMakeFiles/CMakeTmp'
Building C object CMakeFiles/cmTC_8e9e5.dir/CurlTests.c.o
/usr/bin/cc   -pedantic -Wall -W -Wpointer-arith -Wwrite-strings -Wunused -Wshadow -Winline -Wnested-externs -Wmissing-declarations -Wmissing-prototypes -Wfloat-equal -Wsign-compare -Wundef -Wendif-labels -Wstrict-prototypes -Wdeclaration-after-statement -Wstrict-aliasing=3 -Wcast-align -Wtype-limits -Wold-style-declaration -Wmissing-parameter-type -Wempty-body -Wclobbered -Wignored-qualifiers -Wconversion -Wvla -Wdouble-promotion -Wno-long-long -Wno-multichar -Wno-format-nonliteral -Wno-sign-conversion -Wno-system-headers -DHAVE_POSIX_STRERROR_R  -DHAVE_STDIO_H -DHAVE_INTTYPES_H -DHAVE_SYS_IOCTL_H -DHAVE_SYS_PARAM_H -DHAVE_SYS_POLL_H -DHAVE_SYS_RESOURCE_H -DHAVE_SYS_SELECT_H -DHAVE_SYS_SOCKET_H -DHAVE_SYS_STAT_H -DHAVE_SYS_TIME_H -DHAVE_SYS_TYPES_H -DHAVE_SYS_UIO_H -DHAVE_SYS_UN_H -DHAVE_SYS_XATTR_H -DHAVE_ALLOCA_H -DHAVE_ARPA_INET_H -DHAVE_ARPA_TFTP_H -DHAVE_ASSERT_H -DHAVE_ERRNO_H -DHAVE_FCNTL_H -DHAVE_IDN2_H -DHAVE_IFADDRS_H -DHAVE_LIBGEN_H -DHAVE_LOCALE_H -DHAVE_NET_IF_H -DHAVE_NETDB_H -DHAVE_NETINET_IN_H -DHAVE_NETINET_TCP_H -DHAVE_POLL_H -DHAVE_PWD_H -DHAVE_SETJMP_H -DHAVE_SIGNAL_H -DHAVE_STDBOOL_H -DHAVE_STDINT_H -DHAVE_STDIO_H -DHAVE_STDLIB_H -DHAVE_STRING_H -DHAVE_STRINGS_H -DHAVE_TERMIO_H -DHAVE_TERMIOS_H -DHAVE_TIME_H -DHAVE_UNISTD_H -DHAVE_UTIME_H -DHAVE_STDDEF_H -DHAVE_DLFCN_H -DHAVE_MALLOC_H -DHAVE_MEMORY_H -DHAVE_NETINET_IF_ETHER_H -DHAVE_STDINT_H -DHAVE_SYS_UTSNAME_H -o CMakeFiles/cmTC_8e9e5.dir/CurlTests.c.o -c /workspaces/batmobile/build/_deps/curl-src/CMake/CurlTests.c
/workspaces/batmobile/build/_deps/curl-src/CMake/CurlTests.c:429:6: warning: no previous prototype for ‘check’ [-Wmissing-prototypes]
  429 | void check(float f) {}
      |      ^~~~~
/workspaces/batmobile/build/_deps/curl-src/CMake/CurlTests.c: In function ‘check’:
/workspaces/batmobile/build/_deps/curl-src/CMake/CurlTests.c:429:18: warning: unused parameter ‘f’ [-Wunused-parameter]
  429 | void check(float f) {}
      |            ~~~~~~^
/workspaces/batmobile/build/_deps/curl-src/CMake/CurlTests.c: At top level:
/workspaces/batmobile/build/_deps/curl-src/CMake/CurlTests.c:432:1: warning: function declaration isn’t a prototype [-Wstrict-prototypes]
  432 | main () {
      | ^~~~
/workspaces/batmobile/build/_deps/curl-src/CMake/CurlTests.c: In function ‘main’:
/workspaces/batmobile/build/_deps/curl-src/CMake/CurlTests.c:435:9: warning: conversion from ‘int’ to ‘float’ may change value [-Wconversion]
  435 |   check(strerror_r(EACCES, buffer, sizeof(buffer)));
      |         ^~~~~~~~~~~~~~~~~~~~~~~~~~~~~~~~~~~~~~~~~~
Linking C executable cmTC_8e9e5
/home/codespace/.local/lib/python3.10/site-packages/cmake/data/bin/cmake -E cmake_link_script CMakeFiles/cmTC_8e9e5.dir/link.txt --verbose=1
/usr/bin/cc  -pedantic -Wall -W -Wpointer-arith -Wwrite-strings -Wunused -Wshadow -Winline -Wnested-externs -Wmissing-declarations -Wmissing-prototypes -Wfloat-equal -Wsign-compare -Wundef -Wendif-labels -Wstrict-prototypes -Wdeclaration-after-statement -Wstrict-aliasing=3 -Wcast-align -Wtype-limits -Wold-style-declaration -Wmissing-parameter-type -Wempty-body -Wclobbered -Wignored-qualifiers -Wconversion -Wvla -Wdouble-promotion -Wno-long-long -Wno-multichar -Wno-format-nonliteral -Wno-sign-conversion -Wno-system-headers -DHAVE_POSIX_STRERROR_R  -DHAVE_STDIO_H -DHAVE_INTTYPES_H -DHAVE_SYS_IOCTL_H -DHAVE_SYS_PARAM_H -DHAVE_SYS_POLL_H -DHAVE_SYS_RESOURCE_H -DHAVE_SYS_SELECT_H -DHAVE_SYS_SOCKET_H -DHAVE_SYS_STAT_H -DHAVE_SYS_TIME_H -DHAVE_SYS_TYPES_H -DHAVE_SYS_UIO_H -DHAVE_SYS_UN_H -DHAVE_SYS_XATTR_H -DHAVE_ALLOCA_H -DHAVE_ARPA_INET_H -DHAVE_ARPA_TFTP_H -DHAVE_ASSERT_H -DHAVE_ERRNO_H -DHAVE_FCNTL_H -DHAVE_IDN2_H -DHAVE_IFADDRS_H -DHAVE_LIBGEN_H -DHAVE_LOCALE_H -DHAVE_NET_IF_H -DHAVE_NETDB_H -DHAVE_NETINET_IN_H -DHAVE_NETINET_TCP_H -DHAVE_POLL_H -DHAVE_PWD_H -DHAVE_SETJMP_H -DHAVE_SIGNAL_H -DHAVE_STDBOOL_H -DHAVE_STDINT_H -DHAVE_STDIO_H -DHAVE_STDLIB_H -DHAVE_STRING_H -DHAVE_STRINGS_H -DHAVE_TERMIO_H -DHAVE_TERMIOS_H -DHAVE_TIME_H -DHAVE_UNISTD_H -DHAVE_UTIME_H -DHAVE_STDDEF_H -DHAVE_DLFCN_H -DHAVE_MALLOC_H -DHAVE_MEMORY_H -DHAVE_NETINET_IF_ETHER_H -DHAVE_STDINT_H -DHAVE_SYS_UTSNAME_H CMakeFiles/cmTC_8e9e5.dir/CurlTests.c.o -o cmTC_8e9e5 
make[1]: Leaving directory '/workspaces/batmobile/build/CMakeFiles/CMakeTmp'


Performing Curl Test HAVE_CLOCK_GETTIME_MONOTONIC passed with the following output:
Change Dir: /workspaces/batmobile/build/CMakeFiles/CMakeTmp

Run Build Command(s):/home/codespace/.local/lib/python3.10/site-packages/cmake/data/bin/cmake -E env VERBOSE=1 /usr/bin/make -f Makefile cmTC_4d9c0/fast && /usr/bin/make  -f CMakeFiles/cmTC_4d9c0.dir/build.make CMakeFiles/cmTC_4d9c0.dir/build
make[1]: Entering directory '/workspaces/batmobile/build/CMakeFiles/CMakeTmp'
Building C object CMakeFiles/cmTC_4d9c0.dir/CurlTests.c.o
/usr/bin/cc   -pedantic -Wall -W -Wpointer-arith -Wwrite-strings -Wunused -Wshadow -Winline -Wnested-externs -Wmissing-declarations -Wmissing-prototypes -Wfloat-equal -Wsign-compare -Wundef -Wendif-labels -Wstrict-prototypes -Wdeclaration-after-statement -Wstrict-aliasing=3 -Wcast-align -Wtype-limits -Wold-style-declaration -Wmissing-parameter-type -Wempty-body -Wclobbered -Wignored-qualifiers -Wconversion -Wvla -Wdouble-promotion -Wno-long-long -Wno-multichar -Wno-format-nonliteral -Wno-sign-conversion -Wno-system-headers -DHAVE_CLOCK_GETTIME_MONOTONIC  -DHAVE_STDIO_H -DHAVE_INTTYPES_H -DHAVE_SYS_IOCTL_H -DHAVE_SYS_PARAM_H -DHAVE_SYS_POLL_H -DHAVE_SYS_RESOURCE_H -DHAVE_SYS_SELECT_H -DHAVE_SYS_SOCKET_H -DHAVE_SYS_STAT_H -DHAVE_SYS_TIME_H -DHAVE_SYS_TYPES_H -DHAVE_SYS_UIO_H -DHAVE_SYS_UN_H -DHAVE_SYS_XATTR_H -DHAVE_ALLOCA_H -DHAVE_ARPA_INET_H -DHAVE_ARPA_TFTP_H -DHAVE_ASSERT_H -DHAVE_ERRNO_H -DHAVE_FCNTL_H -DHAVE_IDN2_H -DHAVE_IFADDRS_H -DHAVE_LIBGEN_H -DHAVE_LOCALE_H -DHAVE_NET_IF_H -DHAVE_NETDB_H -DHAVE_NETINET_IN_H -DHAVE_NETINET_TCP_H -DHAVE_POLL_H -DHAVE_PWD_H -DHAVE_SETJMP_H -DHAVE_SIGNAL_H -DHAVE_STDBOOL_H -DHAVE_STDINT_H -DHAVE_STDIO_H -DHAVE_STDLIB_H -DHAVE_STRING_H -DHAVE_STRINGS_H -DHAVE_TERMIO_H -DHAVE_TERMIOS_H -DHAVE_TIME_H -DHAVE_UNISTD_H -DHAVE_UTIME_H -DHAVE_STDDEF_H -DHAVE_DLFCN_H -DHAVE_MALLOC_H -DHAVE_MEMORY_H -DHAVE_NETINET_IF_ETHER_H -DHAVE_STDINT_H -DHAVE_SYS_UTSNAME_H -o CMakeFiles/cmTC_4d9c0.dir/CurlTests.c.o -c /workspaces/batmobile/build/_deps/curl-src/CMake/CurlTests.c
/workspaces/batmobile/build/_deps/curl-src/CMake/CurlTests.c:458:1: warning: function declaration isn’t a prototype [-Wstrict-prototypes]
  458 | main() {
      | ^~~~
Linking C executable cmTC_4d9c0
/home/codespace/.local/lib/python3.10/site-packages/cmake/data/bin/cmake -E cmake_link_script CMakeFiles/cmTC_4d9c0.dir/link.txt --verbose=1
/usr/bin/cc  -pedantic -Wall -W -Wpointer-arith -Wwrite-strings -Wunused -Wshadow -Winline -Wnested-externs -Wmissing-declarations -Wmissing-prototypes -Wfloat-equal -Wsign-compare -Wundef -Wendif-labels -Wstrict-prototypes -Wdeclaration-after-statement -Wstrict-aliasing=3 -Wcast-align -Wtype-limits -Wold-style-declaration -Wmissing-parameter-type -Wempty-body -Wclobbered -Wignored-qualifiers -Wconversion -Wvla -Wdouble-promotion -Wno-long-long -Wno-multichar -Wno-format-nonliteral -Wno-sign-conversion -Wno-system-headers -DHAVE_CLOCK_GETTIME_MONOTONIC  -DHAVE_STDIO_H -DHAVE_INTTYPES_H -DHAVE_SYS_IOCTL_H -DHAVE_SYS_PARAM_H -DHAVE_SYS_POLL_H -DHAVE_SYS_RESOURCE_H -DHAVE_SYS_SELECT_H -DHAVE_SYS_SOCKET_H -DHAVE_SYS_STAT_H -DHAVE_SYS_TIME_H -DHAVE_SYS_TYPES_H -DHAVE_SYS_UIO_H -DHAVE_SYS_UN_H -DHAVE_SYS_XATTR_H -DHAVE_ALLOCA_H -DHAVE_ARPA_INET_H -DHAVE_ARPA_TFTP_H -DHAVE_ASSERT_H -DHAVE_ERRNO_H -DHAVE_FCNTL_H -DHAVE_IDN2_H -DHAVE_IFADDRS_H -DHAVE_LIBGEN_H -DHAVE_LOCALE_H -DHAVE_NET_IF_H -DHAVE_NETDB_H -DHAVE_NETINET_IN_H -DHAVE_NETINET_TCP_H -DHAVE_POLL_H -DHAVE_PWD_H -DHAVE_SETJMP_H -DHAVE_SIGNAL_H -DHAVE_STDBOOL_H -DHAVE_STDINT_H -DHAVE_STDIO_H -DHAVE_STDLIB_H -DHAVE_STRING_H -DHAVE_STRINGS_H -DHAVE_TERMIO_H -DHAVE_TERMIOS_H -DHAVE_TIME_H -DHAVE_UNISTD_H -DHAVE_UTIME_H -DHAVE_STDDEF_H -DHAVE_DLFCN_H -DHAVE_MALLOC_H -DHAVE_MEMORY_H -DHAVE_NETINET_IF_ETHER_H -DHAVE_STDINT_H -DHAVE_SYS_UTSNAME_H CMakeFiles/cmTC_4d9c0.dir/CurlTests.c.o -o cmTC_4d9c0 
make[1]: Leaving directory '/workspaces/batmobile/build/CMakeFiles/CMakeTmp'


